0 info it worked if it ends with ok
1 verbose cli [
1 verbose cli   '/home/precious/.nvm/versions/node/v14.4.0/bin/node',
1 verbose cli   '/home/precious/.nvm/versions/node/v14.4.0/bin/npm',
1 verbose cli   'run',
1 verbose cli   'test'
1 verbose cli ]
2 info using npm@6.14.7
3 info using node@v14.4.0
4 verbose run-script [ 'pretest', 'test', 'posttest' ]
5 info lifecycle Testing_practice@1.0.0~pretest: Testing_practice@1.0.0
6 info lifecycle Testing_practice@1.0.0~test: Testing_practice@1.0.0
7 verbose lifecycle Testing_practice@1.0.0~test: unsafe-perm in lifecycle true
8 verbose lifecycle Testing_practice@1.0.0~test: PATH: /home/precious/.nvm/versions/node/v14.4.0/lib/node_modules/npm/node_modules/npm-lifecycle/node-gyp-bin:/home/precious/Desktop/Testing_practice/node_modules/.bin:/home/precious/.rbenv/shims:/home/precious/.rbenv/bin:/home/precious/.nvm/versions/node/v14.4.0/bin:/home/precious/.rbenv/shims:/home/precious/.rbenv/bin:/home/precious/.local/bin:/usr/local/sbin:/usr/local/bin:/usr/sbin:/usr/bin:/sbin:/bin:/usr/games:/usr/local/games:/snap/bin
9 verbose lifecycle Testing_practice@1.0.0~test: CWD: /home/precious/Desktop/Testing_practice
10 silly lifecycle Testing_practice@1.0.0~test: Args: [ '-c', 'jest' ]
11 info lifecycle Testing_practice@1.0.0~test: Failed to exec test script
12 verbose stack Error: Testing_practice@1.0.0 test: `jest`
12 verbose stack spawn ENOENT
12 verbose stack     at ChildProcess.<anonymous> (/home/precious/.nvm/versions/node/v14.4.0/lib/node_modules/npm/node_modules/npm-lifecycle/lib/spawn.js:48:18)
12 verbose stack     at ChildProcess.emit (events.js:315:20)
12 verbose stack     at maybeClose (internal/child_process.js:1051:16)
12 verbose stack     at Process.ChildProcess._handle.onexit (internal/child_process.js:287:5)
13 verbose pkgid Testing_practice@1.0.0
14 verbose cwd /home/precious/Desktop/Testing_practice
15 verbose Linux 5.3.0-62-generic
16 verbose argv "/home/precious/.nvm/versions/node/v14.4.0/bin/node" "/home/precious/.nvm/versions/node/v14.4.0/bin/npm" "run" "test"
17 verbose node v14.4.0
18 verbose npm  v6.14.7
19 error code ELIFECYCLE
20 error syscall spawn
21 error file sh
22 error errno ENOENT
23 error Testing_practice@1.0.0 test: `jest`
23 error spawn ENOENT
24 error Failed at the Testing_practice@1.0.0 test script.
24 error This is probably not a problem with npm. There is likely additional logging output above.
25 verbose exit [ 1, true ]
