0 info it worked if it ends with ok
1 verbose cli [
1 verbose cli   '/home/precious/.nvm/versions/node/v14.4.0/bin/node',
1 verbose cli   '/home/precious/.nvm/versions/node/v14.4.0/bin/npm',
1 verbose cli   'run',
1 verbose cli   'test'
1 verbose cli ]
2 info using npm@6.14.7
3 info using node@v14.4.0
4 verbose run-script [ 'pretest', 'test', 'posttest' ]
5 info lifecycle Testing_practice@1.0.0~pretest: Testing_practice@1.0.0
6 info lifecycle Testing_practice@1.0.0~test: Testing_practice@1.0.0
7 verbose lifecycle Testing_practice@1.0.0~test: unsafe-perm in lifecycle true
8 verbose lifecycle Testing_practice@1.0.0~test: PATH: /home/precious/.nvm/versions/node/v14.4.0/lib/node_modules/npm/node_modules/npm-lifecycle/node-gyp-bin:/home/precious/Desktop/Testing_practice/node_modules/.bin:/home/precious/.rbenv/shims:/home/precious/.rbenv/bin:/home/precious/.nvm/versions/node/v14.4.0/bin:/home/precious/.rbenv/shims:/home/precious/.rbenv/bin:/home/precious/.local/bin:/usr/local/sbin:/usr/local/bin:/usr/sbin:/usr/bin:/sbin:/bin:/usr/games:/usr/local/games:/snap/bin
9 verbose lifecycle Testing_practice@1.0.0~test: CWD: /home/precious/Desktop/Testing_practice
10 silly lifecycle Testing_practice@1.0.0~test: Args: [ '-c', 'jest' ]
11 silly lifecycle Testing_practice@1.0.0~test: Returned: code: 1  signal: null
12 info lifecycle Testing_practice@1.0.0~test: Failed to exec test script
13 verbose stack Error: Testing_practice@1.0.0 test: `jest`
13 verbose stack Exit status 1
13 verbose stack     at EventEmitter.<anonymous> (/home/precious/.nvm/versions/node/v14.4.0/lib/node_modules/npm/node_modules/npm-lifecycle/index.js:332:16)
13 verbose stack     at EventEmitter.emit (events.js:315:20)
13 verbose stack     at ChildProcess.<anonymous> (/home/precious/.nvm/versions/node/v14.4.0/lib/node_modules/npm/node_modules/npm-lifecycle/lib/spawn.js:55:14)
13 verbose stack     at ChildProcess.emit (events.js:315:20)
13 verbose stack     at maybeClose (internal/child_process.js:1051:16)
13 verbose stack     at Process.ChildProcess._handle.onexit (internal/child_process.js:287:5)
14 verbose pkgid Testing_practice@1.0.0
15 verbose cwd /home/precious/Desktop/Testing_practice
16 verbose Linux 5.3.0-62-generic
17 verbose argv "/home/precious/.nvm/versions/node/v14.4.0/bin/node" "/home/precious/.nvm/versions/node/v14.4.0/bin/npm" "run" "test"
18 verbose node v14.4.0
19 verbose npm  v6.14.7
20 error code ELIFECYCLE
21 error errno 1
22 error Testing_practice@1.0.0 test: `jest`
22 error Exit status 1
23 error Failed at the Testing_practice@1.0.0 test script.
23 error This is probably not a problem with npm. There is likely additional logging output above.
24 verbose exit [ 1, true ]
